<?xml version="1.0" encoding="UTF-8"?>
<!-- Generated by org.testng.reporters.JUnitReportReporter -->
<testsuite hostname="DESKTOP-3Q3VHA2" failures="0" tests="1" name="Test.Jantest" time="45.361" errors="0" timestamp="2024-06-28T19:43:58 IST" skipped="0">
  <testcase classname="Test.Jantest" name="test1" time="45.361"/>
</testsuite> <!-- Test.Jantest -->
