<?xml version="1.0" encoding="UTF-8"?>
<!-- Generated by org.testng.reporters.JUnitReportReporter -->
<testsuite hostname="DESKTOP-3Q3VHA2" failures="0" tests="1" name="Test.JhaniTest" time="78.640" errors="0" timestamp="2024-07-04T11:44:46 IST" skipped="0">
  <testcase classname="Test.JhaniTest" name="test" time="78.640"/>
</testsuite> <!-- Test.JhaniTest -->
